<?xml version="1.0" encoding="UTF-8"?>
<!-- Generated by org.testng.reporters.JUnitReportReporter -->
<testsuite hostname="NaveenGoyal" failures="0" tests="1" name="com.learning.api.test.GetApiTest" time="0.381" errors="0" timestamp="2022-04-19T15:19:12 IST" skipped="0">
  <testcase classname="com.learning.api.test.GetApiTest" name="getApiTest1" time="0.381"/>
  <system-out/>
</testsuite> <!-- com.learning.api.test.GetApiTest -->
