<?xml version="1.0" encoding="UTF-8"?>
<!-- Generated by org.testng.reporters.JUnitReportReporter -->
<testsuite hostname="NaveenGoyal" failures="0" tests="5" name="com.learning.api.test.CreateUserApiTest" time="7.927" errors="0" timestamp="2022-04-19T15:19:12 IST" skipped="0">
  <testcase classname="com.learning.api.test.CreateUserApiTest" name="createUserTest1" time="0.981"/>
  <system-out/>
  <testcase classname="com.learning.api.test.CreateUserApiTest" name="createUserTest1" time="4.251"/>
  <system-out/>
  <testcase classname="com.learning.api.test.CreateUserApiTest" name="createUserTest1" time="0.924"/>
  <system-out/>
  <testcase classname="com.learning.api.test.CreateUserApiTest" name="createUserTest1" time="0.798"/>
  <system-out/>
  <testcase classname="com.learning.api.test.CreateUserApiTest" name="createUserTest1" time="0.973"/>
  <system-out/>
</testsuite> <!-- com.learning.api.test.CreateUserApiTest -->
