<?xml version="1.0" encoding="UTF-8"?>
<!-- Generated by org.testng.reporters.JUnitReportReporter -->
<testsuite hostname="DESKTOP-D0HB96C" failures="0" tests="1" name="com.learning.api.test.GetApiTest" time="0.165" errors="0" timestamp="2022-04-14T15:14:30 IST" skipped="0">
  <testcase classname="com.learning.api.test.GetApiTest" name="getApiTest1" time="0.165"/>
  <system-out/>
</testsuite> <!-- com.learning.api.test.GetApiTest -->
