<?xml version="1.0" encoding="UTF-8"?>
<!-- Generated by org.testng.reporters.JUnitReportReporter -->
<testsuite hostname="DESKTOP-D0HB96C" failures="0" tests="5" name="com.learning.api.test.CreateUserApiTest" time="6.774" errors="0" timestamp="2022-04-14T15:14:30 IST" skipped="0">
  <testcase classname="com.learning.api.test.CreateUserApiTest" name="createUserTest1" time="0.573"/>
  <system-out/>
  <testcase classname="com.learning.api.test.CreateUserApiTest" name="createUserTest1" time="0.484"/>
  <system-out/>
  <testcase classname="com.learning.api.test.CreateUserApiTest" name="createUserTest1" time="4.633"/>
  <system-out/>
  <testcase classname="com.learning.api.test.CreateUserApiTest" name="createUserTest1" time="0.515"/>
  <system-out/>
  <testcase classname="com.learning.api.test.CreateUserApiTest" name="createUserTest1" time="0.569"/>
  <system-out/>
</testsuite> <!-- com.learning.api.test.CreateUserApiTest -->
