<?xml version="1.0" encoding="UTF-8"?>
<!-- Generated by org.testng.reporters.JUnitReportReporter -->
<testsuite hostname="DESKTOP-D0HB96C" failures="0" tests="1" name="GetApiTest" time="2.963" errors="0" timestamp="2022-04-06T16:20:27 IST" skipped="0">
  <testcase classname="GetApiTest" name="getapitest1" time="2.963"/>
  <system-out/>
</testsuite> <!-- GetApiTest -->
