<?xml version="1.0" encoding="UTF-8"?>
<!-- Generated by org.testng.reporters.JUnitReportReporter -->
<testsuite hostname="DESKTOP-D0HB96C" failures="0" tests="1" name="TestGetApi1" time="3.795" errors="0" timestamp="2022-04-06T16:12:48 IST" skipped="0">
  <testcase classname="TestGetApi1" name="GetTestApi1" time="3.795"/>
  <system-out/>
</testsuite> <!-- TestGetApi1 -->
