<?xml version="1.0" encoding="UTF-8"?>
<!-- Generated by org.testng.reporters.JUnitReportReporter -->
<testsuite hostname="DESKTOP-D0HB96C" failures="0" tests="5" name="com.learning.api.test.CreateUserApiTest" time="7.050" errors="0" timestamp="2022-04-14T15:41:54 IST" skipped="0">
  <testcase classname="com.learning.api.test.CreateUserApiTest" name="createUserTest1" time="4.903"/>
  <system-out/>
  <testcase classname="com.learning.api.test.CreateUserApiTest" name="createUserTest1" time="0.535"/>
  <system-out/>
  <testcase classname="com.learning.api.test.CreateUserApiTest" name="createUserTest1" time="0.512"/>
  <system-out/>
  <testcase classname="com.learning.api.test.CreateUserApiTest" name="createUserTest1" time="0.579"/>
  <system-out/>
  <testcase classname="com.learning.api.test.CreateUserApiTest" name="createUserTest1" time="0.521"/>
  <system-out/>
</testsuite> <!-- com.learning.api.test.CreateUserApiTest -->
